# JRE version: Java(TM) SE Runtime Environment (8.0_25-b18) (build 1.8.0_25-b18)
# Java VM: Java HotSpot(TM) Client VM (25.25-b02 mixed mode windows-x86 )
Heap:
 def new generation   total 192384K, used 31898K [0x04000000, 0x110c0000, 0x14000000)
  eden space 171008K,   9% used [0x04000000, 0x04f93188, 0x0e700000)
  from space 21376K,  74% used [0x0fbe0000, 0x10b73688, 0x110c0000)
  to   space 21376K,   0% used [0x0e700000, 0x0e700000, 0x0fbe0000)
 tenured generation   total 427344K, used 315092K [0x14000000, 0x2e154000, 0x34000000)
   the space 427344K,  73% used [0x14000000, 0x273b52c0, 0x273b5400, 0x2e154000)
 Metaspace       used 73795K, capacity 76728K, committed 76800K, reserved 77184K
GC Heap History (10 events):
Event: 1742.815 GC heap before
{Heap before GC invocations=212 (full 5):
 def new generation   total 192384K, used 180573K [0x04000000, 0x110c0000, 0x14000000)
  eden space 171008K, 100% used [0x04000000, 0x0e700000, 0x0e700000)
  from space 21376K,  44% used [0x0e700000, 0x0f057688, 0x0fbe0000)
  to   space 21376K,   0% used [0x0fbe0000, 0x0fbe0000, 0x110c0000)
 tenured generation   total 427344K, used 315092K [0x14000000, 0x2e154000, 0x34000000)
   the space 427344K,  73% used [0x14000000, 0x273b52c0, 0x273b5400, 0x2e154000)
 Metaspace       used 73161K, capacity 75898K, committed 75904K, reserved 76160K
Event: 1742.842 GC heap after
Heap after GC invocations=213 (full 5):
 def new generation   total 192384K, used 8964K [0x04000000, 0x110c0000, 0x14000000)
  eden space 171008K,   0% used [0x04000000, 0x04000000, 0x0e700000)
  from space 21376K,  41% used [0x0fbe0000, 0x104a1360, 0x110c0000)
  to   space 21376K,   0% used [0x0e700000, 0x0e700000, 0x0fbe0000)
 tenured generation   total 427344K, used 315092K [0x14000000, 0x2e154000, 0x34000000)
   the space 427344K,  73% used [0x14000000, 0x273b52c0, 0x273b5400, 0x2e154000)
 Metaspace       used 73161K, capacity 75898K, committed 75904K, reserved 76160K
}
Event: 1867.234 GC heap before
{Heap before GC invocations=213 (full 5):
 def new generation   total 192384K, used 179972K [0x04000000, 0x110c0000, 0x14000000)
  eden space 171008K, 100% used [0x04000000, 0x0e700000, 0x0e700000)
  from space 21376K,  41% used [0x0fbe0000, 0x104a1360, 0x110c0000)
  to   space 21376K,   0% used [0x0e700000, 0x0e700000, 0x0fbe0000)
 tenured generation   total 427344K, used 315092K [0x14000000, 0x2e154000, 0x34000000)
   the space 427344K,  73% used [0x14000000, 0x273b52c0, 0x273b5400, 0x2e154000)
 Metaspace       used 73225K, capacity 76005K, committed 76032K, reserved 76160K
Event: 1867.268 GC heap after
Heap after GC invocations=214 (full 5):
 def new generation   total 192384K, used 6059K [0x04000000, 0x110c0000, 0x14000000)
  eden space 171008K,   0% used [0x04000000, 0x04000000, 0x0e700000)
  from space 21376K,  28% used [0x0e700000, 0x0eceac18, 0x0fbe0000)
  to   space 21376K,   0% used [0x0fbe0000, 0x0fbe0000, 0x110c0000)
 tenured generation   total 427344K, used 315092K [0x14000000, 0x2e154000, 0x34000000)
   the space 427344K,  73% used [0x14000000, 0x273b52c0, 0x273b5400, 0x2e154000)
 Metaspace       used 73225K, capacity 76005K, committed 76032K, reserved 76160K
}
Event: 1883.714 GC heap before
{Heap before GC invocations=214 (full 5):
 def new generation   total 192384K, used 177067K [0x04000000, 0x110c0000, 0x14000000)
  eden space 171008K, 100% used [0x04000000, 0x0e700000, 0x0e700000)
  from space 21376K,  28% used [0x0e700000, 0x0eceac18, 0x0fbe0000)
  to   space 21376K,   0% used [0x0fbe0000, 0x0fbe0000, 0x110c0000)
 tenured generation   total 427344K, used 315092K [0x14000000, 0x2e154000, 0x34000000)
   the space 427344K,  73% used [0x14000000, 0x273b52c0, 0x273b5400, 0x2e154000)
 Metaspace       used 73271K, capacity 76103K, committed 76160K, reserved 76160K
Event: 1883.747 GC heap after
Heap after GC invocations=215 (full 5):
 def new generation   total 192384K, used 6122K [0x04000000, 0x110c0000, 0x14000000)
  eden space 171008K,   0% used [0x04000000, 0x04000000, 0x0e700000)
  from space 21376K,  28% used [0x0fbe0000, 0x101daa90, 0x110c0000)
  to   space 21376K,   0% used [0x0e700000, 0x0e700000, 0x0fbe0000)
 tenured generation   total 427344K, used 315092K [0x14000000, 0x2e154000, 0x34000000)
   the space 427344K,  73% used [0x14000000, 0x273b52c0, 0x273b5400, 0x2e154000)
 Metaspace       used 73271K, capacity 76103K, committed 76160K, reserved 76160K
}
Event: 1886.014 GC heap before
{Heap before GC invocations=215 (full 5):
 def new generation   total 192384K, used 177130K [0x04000000, 0x110c0000, 0x14000000)
  eden space 171008K, 100% used [0x04000000, 0x0e700000, 0x0e700000)
  from space 21376K,  28% used [0x0fbe0000, 0x101daa90, 0x110c0000)
  to   space 21376K,   0% used [0x0e700000, 0x0e700000, 0x0fbe0000)
 tenured generation   total 427344K, used 315092K [0x14000000, 0x2e154000, 0x34000000)
   the space 427344K,  73% used [0x14000000, 0x273b52c0, 0x273b5400, 0x2e154000)
 Metaspace       used 73285K, capacity 76148K, committed 76160K, reserved 76160K
Event: 1886.058 GC heap after
Heap after GC invocations=216 (full 5):
 def new generation   total 192384K, used 10362K [0x04000000, 0x110c0000, 0x14000000)
  eden space 171008K,   0% used [0x04000000, 0x04000000, 0x0e700000)
  from space 21376K,  48% used [0x0e700000, 0x0f11eb88, 0x0fbe0000)
  to   space 21376K,   0% used [0x0fbe0000, 0x0fbe0000, 0x110c0000)
 tenured generation   total 427344K, used 315092K [0x14000000, 0x2e154000, 0x34000000)
   the space 427344K,  73% used [0x14000000, 0x273b52c0, 0x273b5400, 0x2e154000)
 Metaspace       used 73285K, capacity 76148K, committed 76160K, reserved 76160K
}
Event: 2103.181 GC heap before
{Heap before GC invocations=216 (full 5):
 def new generation   total 192384K, used 181370K [0x04000000, 0x110c0000, 0x14000000)
  eden space 171008K, 100% used [0x04000000, 0x0e700000, 0x0e700000)
  from space 21376K,  48% used [0x0e700000, 0x0f11eb88, 0x0fbe0000)
  to   space 21376K,   0% used [0x0fbe0000, 0x0fbe0000, 0x110c0000)
 tenured generation   total 427344K, used 315092K [0x14000000, 0x2e154000, 0x34000000)
   the space 427344K,  73% used [0x14000000, 0x273b52c0, 0x273b5400, 0x2e154000)
 Metaspace       used 73645K, capacity 76592K, committed 76672K, reserved 77184K
Event: 2103.238 GC heap after
Heap after GC invocations=217 (full 5):
 def new generation   total 192384K, used 15949K [0x04000000, 0x110c0000, 0x14000000)
  eden space 171008K,   0% used [0x04000000, 0x04000000, 0x0e700000)
  from space 21376K,  74% used [0x0fbe0000, 0x10b73688, 0x110c0000)
  to   space 21376K,   0% used [0x0e700000, 0x0e700000, 0x0fbe0000)
 tenured generation   total 427344K, used 315092K [0x14000000, 0x2e154000, 0x34000000)
   the space 427344K,  73% used [0x14000000, 0x273b52c0, 0x273b5400, 0x2e154000)
 Metaspace       used 73645K, capacity 76592K, committed 76672K, reserved 77184K
}

