# JRE version: Java(TM) SE Runtime Environment (8.0_25-b18) (build 1.8.0_25-b18)
# Java VM: Java HotSpot(TM) Client VM (25.25-b02 mixed mode windows-x86 )
Heap:
 def new generation   total 235968K, used 101814K [0x03e00000, 0x13e00000, 0x13e00000)
  eden space 209792K,  39% used [0x03e00000, 0x08f70ef0, 0x10ae0000)
  from space 26176K,  70% used [0x10ae0000, 0x11cdcc00, 0x12470000)
  to   space 26176K,   0% used [0x12470000, 0x12470000, 0x13e00000)
 tenured generation   total 524288K, used 60885K [0x13e00000, 0x33e00000, 0x33e00000)
   the space 524288K,  11% used [0x13e00000, 0x179755a8, 0x17975600, 0x33e00000)
 Metaspace       used 29957K, capacity 30848K, committed 30976K, reserved 31104K
GC Heap History (10 events):
Event: 46.343 GC heap before
{Heap before GC invocations=15 (full 2):
 def new generation   total 235968K, used 216870K [0x03e00000, 0x13e00000, 0x13e00000)
  eden space 209792K,  99% used [0x03e00000, 0x109ddc80, 0x10ae0000)
  from space 26176K,  30% used [0x12470000, 0x12c5be98, 0x13e00000)
  to   space 26176K,   0% used [0x10ae0000, 0x10ae0000, 0x12470000)
 tenured generation   total 524288K, used 37894K [0x13e00000, 0x33e00000, 0x33e00000)
   the space 524288K,   7% used [0x13e00000, 0x16301a90, 0x16301c00, 0x33e00000)
 Metaspace       used 23520K, capacity 24327K, committed 24448K, reserved 24960K
Event: 46.384 GC heap after
Heap after GC invocations=16 (full 2):
 def new generation   total 235968K, used 15895K [0x03e00000, 0x13e00000, 0x13e00000)
  eden space 209792K,   0% used [0x03e00000, 0x03e00000, 0x10ae0000)
  from space 26176K,  60% used [0x10ae0000, 0x11a65ca8, 0x12470000)
  to   space 26176K,   0% used [0x12470000, 0x12470000, 0x13e00000)
 tenured generation   total 524288K, used 37894K [0x13e00000, 0x33e00000, 0x33e00000)
   the space 524288K,   7% used [0x13e00000, 0x16301a90, 0x16301c00, 0x33e00000)
 Metaspace       used 23520K, capacity 24327K, committed 24448K, reserved 24960K
}
Event: 48.058 GC heap before
{Heap before GC invocations=16 (full 2):
 def new generation   total 235968K, used 225687K [0x03e00000, 0x13e00000, 0x13e00000)
  eden space 209792K, 100% used [0x03e00000, 0x10ae0000, 0x10ae0000)
  from space 26176K,  60% used [0x10ae0000, 0x11a65ca8, 0x12470000)
  to   space 26176K,   0% used [0x12470000, 0x12470000, 0x13e00000)
 tenured generation   total 524288K, used 37894K [0x13e00000, 0x33e00000, 0x33e00000)
   the space 524288K,   7% used [0x13e00000, 0x16301a90, 0x16301c00, 0x33e00000)
 Metaspace       used 25207K, capacity 26025K, committed 26112K, reserved 27008K
Event: 48.109 GC heap after
Heap after GC invocations=17 (full 2):
 def new generation   total 235968K, used 18122K [0x03e00000, 0x13e00000, 0x13e00000)
  eden space 209792K,   0% used [0x03e00000, 0x03e00000, 0x10ae0000)
  from space 26176K,  69% used [0x12470000, 0x13622be0, 0x13e00000)
  to   space 26176K,   0% used [0x10ae0000, 0x10ae0000, 0x12470000)
 tenured generation   total 524288K, used 43460K [0x13e00000, 0x33e00000, 0x33e00000)
   the space 524288K,   8% used [0x13e00000, 0x16871150, 0x16871200, 0x33e00000)
 Metaspace       used 25207K, capacity 26025K, committed 26112K, reserved 27008K
}
Event: 49.494 GC heap before
{Heap before GC invocations=17 (full 2):
 def new generation   total 235968K, used 222421K [0x03e00000, 0x13e00000, 0x13e00000)
  eden space 209792K,  97% used [0x03e00000, 0x10582840, 0x10ae0000)
  from space 26176K,  69% used [0x12470000, 0x13622be0, 0x13e00000)
  to   space 26176K,   0% used [0x10ae0000, 0x10ae0000, 0x12470000)
 tenured generation   total 524288K, used 43460K [0x13e00000, 0x33e00000, 0x33e00000)
   the space 524288K,   8% used [0x13e00000, 0x16871150, 0x16871200, 0x33e00000)
 Metaspace       used 26166K, capacity 26997K, committed 27008K, reserved 27008K
Event: 49.547 GC heap after
Heap after GC invocations=18 (full 2):
 def new generation   total 235968K, used 14667K [0x03e00000, 0x13e00000, 0x13e00000)
  eden space 209792K,   0% used [0x03e00000, 0x03e00000, 0x10ae0000)
  from space 26176K,  56% used [0x10ae0000, 0x11932ca8, 0x12470000)
  to   space 26176K,   0% used [0x12470000, 0x12470000, 0x13e00000)
 tenured generation   total 524288K, used 52910K [0x13e00000, 0x33e00000, 0x33e00000)
   the space 524288K,  10% used [0x13e00000, 0x171abab8, 0x171abc00, 0x33e00000)
 Metaspace       used 26166K, capacity 26997K, committed 27008K, reserved 27008K
}
Event: 50.862 GC heap before
{Heap before GC invocations=18 (full 2):
 def new generation   total 235968K, used 221349K [0x03e00000, 0x13e00000, 0x13e00000)
  eden space 209792K,  98% used [0x03e00000, 0x107d6830, 0x10ae0000)
  from space 26176K,  56% used [0x10ae0000, 0x11932ca8, 0x12470000)
  to   space 26176K,   0% used [0x12470000, 0x12470000, 0x13e00000)
 tenured generation   total 524288K, used 52910K [0x13e00000, 0x33e00000, 0x33e00000)
   the space 524288K,  10% used [0x13e00000, 0x171abab8, 0x171abc00, 0x33e00000)
 Metaspace       used 27648K, capacity 28499K, committed 28544K, reserved 29056K
Event: 50.904 GC heap after
Heap after GC invocations=19 (full 2):
 def new generation   total 235968K, used 12164K [0x03e00000, 0x13e00000, 0x13e00000)
  eden space 209792K,   0% used [0x03e00000, 0x03e00000, 0x10ae0000)
  from space 26176K,  46% used [0x12470000, 0x13051238, 0x13e00000)
  to   space 26176K,   0% used [0x10ae0000, 0x10ae0000, 0x12470000)
 tenured generation   total 524288K, used 60885K [0x13e00000, 0x33e00000, 0x33e00000)
   the space 524288K,  11% used [0x13e00000, 0x179755a8, 0x17975600, 0x33e00000)
 Metaspace       used 27648K, capacity 28499K, committed 28544K, reserved 29056K
}
Event: 2153.762 GC heap before
{Heap before GC invocations=19 (full 2):
 def new generation   total 235968K, used 221956K [0x03e00000, 0x13e00000, 0x13e00000)
  eden space 209792K, 100% used [0x03e00000, 0x10ae0000, 0x10ae0000)
  from space 26176K,  46% used [0x12470000, 0x13051238, 0x13e00000)
  to   space 26176K,   0% used [0x10ae0000, 0x10ae0000, 0x12470000)
 tenured generation   total 524288K, used 60885K [0x13e00000, 0x33e00000, 0x33e00000)
   the space 524288K,  11% used [0x13e00000, 0x179755a8, 0x17975600, 0x33e00000)
 Metaspace       used 28725K, capacity 29622K, committed 29696K, reserved 30080K
Event: 2153.813 GC heap after
Heap after GC invocations=20 (full 2):
 def new generation   total 235968K, used 18419K [0x03e00000, 0x13e00000, 0x13e00000)
  eden space 209792K,   0% used [0x03e00000, 0x03e00000, 0x10ae0000)
  from space 26176K,  70% used [0x10ae0000, 0x11cdcc00, 0x12470000)
  to   space 26176K,   0% used [0x12470000, 0x12470000, 0x13e00000)
 tenured generation   total 524288K, used 60885K [0x13e00000, 0x33e00000, 0x33e00000)
   the space 524288K,  11% used [0x13e00000, 0x179755a8, 0x17975600, 0x33e00000)
 Metaspace       used 28725K, capacity 29622K, committed 29696K, reserved 30080K
}

